[INFO] Scanning for projects...
[INFO] 
[INFO] -------------------< com.homehero:homehero-backend >--------------------
[INFO] Building HomeHero Backend 1.0.0
[INFO]   from pom.xml
[INFO] --------------------------------[ jar ]---------------------------------
[INFO] 
[INFO] --- clean:3.3.2:clean (default-clean) @ homehero-backend ---
[INFO] Deleting C:\Users\camargo\Documents\GitHub\home-hero\backend\target
[INFO] 
[INFO] >>> spring-boot:3.2.0:run (default-cli) > test-compile @ homehero-backend >>>
[INFO] 
[INFO] --- resources:3.3.1:resources (default-resources) @ homehero-backend ---
[INFO] Copying 1 resource from src\main\resources to target\classes
[INFO] Copying 0 resource from src\main\resources to target\classes
[INFO] 
[INFO] --- compiler:3.13.0:compile (default-compile) @ homehero-backend ---
[INFO] Recompiling the module because of changed source code.
[INFO] Compiling 13 source files with javac [debug parameters release 17] to target\classes
[INFO] 
[INFO] --- resources:3.3.1:testResources (default-testResources) @ homehero-backend ---
[INFO] skip non existing resourceDirectory C:\Users\camargo\Documents\GitHub\home-hero\backend\src\test\resources
[INFO] 
[INFO] --- compiler:3.13.0:testCompile (default-testCompile) @ homehero-backend ---
[INFO] No sources to compile
[INFO] 
[INFO] <<< spring-boot:3.2.0:run (default-cli) < test-compile @ homehero-backend <<<
[INFO] 
[INFO] 
[INFO] --- spring-boot:3.2.0:run (default-cli) @ homehero-backend ---
[INFO] Attaching agents: []

  .   ____          _            __ _ _
 /\\ / ___'_ __ _ _(_)_ __  __ _ \ \ \ \
( ( )\___ | '_ | '_| | '_ \/ _` | \ \ \ \
 \\/  ___)| |_)| | | | | || (_| |  ) ) ) )
  '  |____| .__|_| |_|_| |_\__, | / / / /
 =========|_|==============|___/=/_/_/_/
 :: Spring Boot ::                (v3.2.0)

2025-11-14T20:41:15.512-03:00  INFO 9796 --- [           main] com.homehero.HomeheroApplication         : Starting HomeheroApplication using Java 17.0.17 with PID 9796 (C:\Users\camargo\Documents\GitHub\home-hero\backend\target\classes started by camargo in C:\Users\camargo\Documents\GitHub\home-hero\backend)
2025-11-14T20:41:15.514-03:00  INFO 9796 --- [           main] com.homehero.HomeheroApplication         : No active profile set, falling back to 1 default profile: "default"
2025-11-14T20:41:15.847-03:00  INFO 9796 --- [           main] .s.d.r.c.RepositoryConfigurationDelegate : Bootstrapping Spring Data JPA repositories in DEFAULT mode.
2025-11-14T20:41:15.880-03:00  INFO 9796 --- [           main] .s.d.r.c.RepositoryConfigurationDelegate : Finished Spring Data repository scanning in 28 ms. Found 3 JPA repository interfaces.
2025-11-14T20:41:16.180-03:00  INFO 9796 --- [           main] o.s.b.w.embedded.tomcat.TomcatWebServer  : Tomcat initialized with port 8080 (http)
2025-11-14T20:41:16.186-03:00  INFO 9796 --- [           main] o.apache.catalina.core.StandardService   : Starting service [Tomcat]
2025-11-14T20:41:16.186-03:00  INFO 9796 --- [           main] o.apache.catalina.core.StandardEngine    : Starting Servlet engine: [Apache Tomcat/10.1.16]
2025-11-14T20:41:16.226-03:00  INFO 9796 --- [           main] o.a.c.c.C.[Tomcat].[localhost].[/]       : Initializing Spring embedded WebApplicationContext
2025-11-14T20:41:16.227-03:00  INFO 9796 --- [           main] w.s.c.ServletWebServerApplicationContext : Root WebApplicationContext: initialization completed in 688 ms
2025-11-14T20:41:16.301-03:00  INFO 9796 --- [           main] o.hibernate.jpa.internal.util.LogHelper  : HHH000204: Processing PersistenceUnitInfo [name: default]
2025-11-14T20:41:16.335-03:00  INFO 9796 --- [           main] org.hibernate.Version                    : HHH000412: Hibernate ORM core version 6.3.1.Final
2025-11-14T20:41:16.355-03:00  INFO 9796 --- [           main] o.h.c.internal.RegionFactoryInitiator    : HHH000026: Second-level cache disabled
2025-11-14T20:41:16.489-03:00  INFO 9796 --- [           main] o.s.o.j.p.SpringPersistenceUnitInfo      : No LoadTimeWeaver setup: ignoring JPA class transformer
2025-11-14T20:41:16.503-03:00  INFO 9796 --- [           main] com.zaxxer.hikari.HikariDataSource       : HikariPool-1 - Starting...
2025-11-14T20:41:16.597-03:00  INFO 9796 --- [           main] com.zaxxer.hikari.pool.HikariPool        : HikariPool-1 - Added connection com.mysql.cj.jdbc.ConnectionImpl@712cd5d3
2025-11-14T20:41:16.598-03:00  INFO 9796 --- [           main] com.zaxxer.hikari.HikariDataSource       : HikariPool-1 - Start completed.
2025-11-14T20:41:16.625-03:00  WARN 9796 --- [           main] org.hibernate.orm.deprecation            : HHH90000025: MySQLDialect does not need to be specified explicitly using 'hibernate.dialect' (remove the property setting and it will be selected by default)
2025-11-14T20:41:17.115-03:00  INFO 9796 --- [           main] o.h.e.t.j.p.i.JtaPlatformInitiator       : HHH000489: No JTA platform available (set 'hibernate.transaction.jta.platform' to enable JTA platform integration)
2025-11-14T20:41:17.154-03:00  INFO 9796 --- [           main] j.LocalContainerEntityManagerFactoryBean : Initialized JPA EntityManagerFactory for persistence unit 'default'
2025-11-14T20:41:17.384-03:00  WARN 9796 --- [           main] JpaBaseConfiguration$JpaWebConfiguration : spring.jpa.open-in-view is enabled by default. Therefore, database queries may be performed during view rendering. Explicitly configure spring.jpa.open-in-view to disable this warning
2025-11-14T20:41:17.556-03:00  INFO 9796 --- [           main] o.s.b.w.embedded.tomcat.TomcatWebServer  : Tomcat started on port 8080 (http) with context path ''
2025-11-14T20:41:17.560-03:00  INFO 9796 --- [           main] com.homehero.HomeheroApplication         : Started HomeheroApplication in 2.275 seconds (process running for 2.485)
Hibernate: 
    select
        a1_0.adm_id 
    from
        admin a1_0 
    where
        a1_0.adm_email=? 
    limit
        ?
Admin padrão já existe.
2025-11-14T20:41:43.294-03:00  INFO 9796 --- [nio-8080-exec-1] o.a.c.c.C.[Tomcat].[localhost].[/]       : Initializing Spring DispatcherServlet 'dispatcherServlet'
2025-11-14T20:41:43.294-03:00  INFO 9796 --- [nio-8080-exec-1] o.s.web.servlet.DispatcherServlet        : Initializing Servlet 'dispatcherServlet'
2025-11-14T20:41:43.294-03:00  INFO 9796 --- [nio-8080-exec-1] o.s.web.servlet.DispatcherServlet        : Completed initialization in 0 ms
^C